<?xml version="1.0" encoding="UTF-8"?>
<!-- Generated by org.testng.reporters.JUnitReportReporter -->
<testsuite skipped="0" hostname="LAPTOP-UK74CD8S" name="testpage.homepagetest" tests="2" failures="0" timestamp="10 Mar 2022 11:59:00 GMT" time="9.500" errors="0">
  <testcase name="dressbox" time="7.328" classname="testpage.homepagetest"/>
  <testcase name="womenBox" time="2.172" classname="testpage.homepagetest"/>
</testsuite> <!-- testpage.homepagetest -->
